<?xml version="1.0" encoding="UTF-8"?>
<!-- Generated by org.testng.reporters.JUnitXMLReporter -->
<testsuite hostname="DESKTOP-JORP530" ignored="0" name="Test" tests="10" failures="0" timestamp="05 Apr 2021 03:28:09 GMT" time="0.35" errors="0">
  <testcase name="tc222" time="0.075" classname="org.testng.groups"/>
  <testcase name="tc333" time="0.076" classname="org.testng.groups"/>
  <testcase name="tc111" time="0.08" classname="org.testng.groups"/>
  <testcase name="tc777" time="0.01" classname="org.testng.groups"/>
  <testcase name="tc666" time="0.064" classname="org.testng.groups"/>
  <testcase name="tc888" time="0.007" classname="org.testng.groups"/>
  <testcase name="tc444" time="0.127" classname="org.testng.groups"/>
  <testcase name="tc1" time="0.002" classname="org.testng.Asrt"/>
  <testcase name="tc555" time="0.204" classname="org.testng.groups"/>
  <testcase name="tc2" time="0.081" classname="org.testng.Asrt"/>
</testsuite> <!-- Test -->
